0 info it worked if it ends with ok
1 verbose cli [ '/usr/bin/nodejs', '/usr/bin/npm', 'install' ]
2 info using npm@1.2.18
3 info using node@v0.10.15
4 verbose read json /home/majkl/arenomat/package.json
5 verbose readDependencies using package.json deps
6 verbose install where, deps [ '/home/majkl/arenomat',
6 verbose install   [ 'opencv', 'socket.io', 'johnny-five', 'speaker', 'lame' ] ]
7 verbose from cache /home/majkl/arenomat/package.json
8 info preinstall arenomat@0.0.2
9 verbose read json /home/majkl/arenomat/node_modules/johnny-five/package.json
10 verbose read json /home/majkl/arenomat/node_modules/lame/package.json
11 verbose read json /home/majkl/arenomat/node_modules/opencv/package.json
12 verbose read json /home/majkl/arenomat/node_modules/socket.io/package.json
13 verbose read json /home/majkl/arenomat/node_modules/speaker/package.json
14 verbose from cache /home/majkl/arenomat/package.json
15 verbose readDependencies using package.json deps
16 verbose from cache /home/majkl/arenomat/node_modules/johnny-five/package.json
17 verbose from cache /home/majkl/arenomat/node_modules/lame/package.json
18 verbose from cache /home/majkl/arenomat/node_modules/opencv/package.json
19 verbose from cache /home/majkl/arenomat/node_modules/socket.io/package.json
20 verbose from cache /home/majkl/arenomat/node_modules/speaker/package.json
21 verbose already installed skipping johnny-five@~0.7.31 /home/majkl/arenomat
22 verbose cache add [ 'opencv@~0.3.1', null ]
23 verbose cache add name=undefined spec="opencv@~0.3.1" args=["opencv@~0.3.1",null]
24 verbose parsed url { protocol: null,
24 verbose parsed url   slashes: null,
24 verbose parsed url   auth: null,
24 verbose parsed url   host: null,
24 verbose parsed url   port: null,
24 verbose parsed url   hostname: null,
24 verbose parsed url   hash: null,
24 verbose parsed url   search: null,
24 verbose parsed url   query: null,
24 verbose parsed url   pathname: 'opencv@~0.3.1',
24 verbose parsed url   path: 'opencv@~0.3.1',
24 verbose parsed url   href: 'opencv@~0.3.1' }
25 verbose cache add name="opencv" spec="~0.3.1" args=["opencv","~0.3.1"]
26 verbose parsed url { protocol: null,
26 verbose parsed url   slashes: null,
26 verbose parsed url   auth: null,
26 verbose parsed url   host: null,
26 verbose parsed url   port: null,
26 verbose parsed url   hostname: null,
26 verbose parsed url   hash: null,
26 verbose parsed url   search: null,
26 verbose parsed url   query: null,
26 verbose parsed url   pathname: '~0.3.1',
26 verbose parsed url   path: '~0.3.1',
26 verbose parsed url   href: '~0.3.1' }
27 verbose addNamed [ 'opencv', '~0.3.1' ]
28 verbose addNamed [ null, '>=0.3.1-0 <0.4.0-0' ]
29 verbose already installed skipping socket.io@~0.9.16 /home/majkl/arenomat
30 verbose already installed skipping speaker@~0.1.0 /home/majkl/arenomat
31 verbose already installed skipping lame@~1.0.3 /home/majkl/arenomat
32 silly lockFile 2422dc29-opencv-0-3-1 opencv@~0.3.1
33 verbose lock opencv@~0.3.1 /home/majkl/.npm/2422dc29-opencv-0-3-1.lock
34 silly addNameRange { name: 'opencv', range: '>=0.3.1-0 <0.4.0-0', hasData: false }
35 verbose url raw opencv
36 verbose url resolving [ 'https://registry.npmjs.org/', './opencv' ]
37 verbose url resolved https://registry.npmjs.org/opencv
38 info trying registry request attempt 1 at 16:11:47
39 http GET https://registry.npmjs.org/opencv
40 http 200 https://registry.npmjs.org/opencv
41 silly registry.get cb [ 200,
41 silly registry.get   { date: 'Mon, 28 Apr 2014 14:11:52 GMT',
41 silly registry.get     server: 'CouchDB/1.5.0 (Erlang OTP/R14B04)',
41 silly registry.get     etag: '"ABCWCNCQ1DV2LKND84G9TDULN"',
41 silly registry.get     'content-type': 'application/json',
41 silly registry.get     via: '1.1 varnish',
41 silly registry.get     'cache-control': 'max-age=1',
41 silly registry.get     'content-length': '21733',
41 silly registry.get     'accept-ranges': 'bytes',
41 silly registry.get     age: '3808',
41 silly registry.get     'x-served-by': 'cache-v41-ASH, cache-fra1227-FRA',
41 silly registry.get     'x-cache': 'MISS, MISS',
41 silly registry.get     'x-cache-hits': '0, 0',
41 silly registry.get     'x-timer': 'S1398694312.301349163,VS0,VS47,VE140,VE185',
41 silly registry.get     vary: 'Accept',
41 silly registry.get     'keep-alive': 'timeout=10, max=50',
41 silly registry.get     connection: 'Keep-Alive' } ]
42 silly addNameRange number 2 { name: 'opencv', range: '>=0.3.1-0 <0.4.0-0', hasData: true }
43 silly addNameRange versions [ 'opencv',
43 silly addNameRange   [ '0.0.1',
43 silly addNameRange     '0.0.2',
43 silly addNameRange     '0.0.3',
43 silly addNameRange     '0.0.4',
43 silly addNameRange     '0.0.5',
43 silly addNameRange     '0.0.6',
43 silly addNameRange     '0.0.7',
43 silly addNameRange     '0.0.8',
43 silly addNameRange     '0.0.9',
43 silly addNameRange     '0.0.10',
43 silly addNameRange     '0.0.11',
43 silly addNameRange     '0.0.12',
43 silly addNameRange     '0.1.0',
43 silly addNameRange     '0.2.0',
43 silly addNameRange     '0.3.0',
43 silly addNameRange     '0.3.1',
43 silly addNameRange     '0.4.0',
43 silly addNameRange     '0.5.0' ] ]
44 verbose addNamed [ 'opencv', '0.3.1' ]
45 verbose addNamed [ '0.3.1', '0.3.1' ]
46 silly lockFile 6733d4c1-opencv-0-3-1 opencv@0.3.1
47 verbose lock opencv@0.3.1 /home/majkl/.npm/6733d4c1-opencv-0-3-1.lock
48 silly lockFile 407afc88-pmjs-org-opencv-opencv-0-3-1-tgz https://registry.npmjs.org/opencv/-/opencv-0.3.1.tgz
49 verbose lock https://registry.npmjs.org/opencv/-/opencv-0.3.1.tgz /home/majkl/.npm/407afc88-pmjs-org-opencv-opencv-0-3-1-tgz.lock
50 verbose addRemoteTarball [ 'https://registry.npmjs.org/opencv/-/opencv-0.3.1.tgz',
50 verbose addRemoteTarball   'f6aa03ee52ac6acbf9d5385e98df00e836263d7d' ]
51 info retry fetch attempt 1 at 16:11:52
52 verbose fetch to= /home/majkl/tmp/npm-1231/1398694312612-0.6792833153158426/tmp.tgz
53 http GET https://registry.npmjs.org/opencv/-/opencv-0.3.1.tgz
54 http 200 https://registry.npmjs.org/opencv/-/opencv-0.3.1.tgz
55 silly shasum updated bytes 65536
56 silly shasum updated bytes 65536
57 silly shasum updated bytes 65536
58 silly shasum updated bytes 65536
59 silly shasum updated bytes 65536
60 silly shasum updated bytes 65536
61 silly shasum updated bytes 65536
62 silly shasum updated bytes 65536
63 silly shasum updated bytes 65536
64 silly shasum updated bytes 65536
65 silly shasum updated bytes 65536
66 silly shasum updated bytes 65536
67 silly shasum updated bytes 65536
68 silly shasum updated bytes 65536
69 silly shasum updated bytes 65536
70 silly shasum updated bytes 65536
71 silly shasum updated bytes 65536
72 silly shasum updated bytes 65536
73 silly shasum updated bytes 65536
74 silly shasum updated bytes 65536
75 silly shasum updated bytes 65536
76 silly shasum updated bytes 65536
77 silly shasum updated bytes 65536
78 silly shasum updated bytes 65536
79 silly shasum updated bytes 65536
80 silly shasum updated bytes 65536
81 silly shasum updated bytes 65536
82 silly shasum updated bytes 65536
83 silly shasum updated bytes 65536
84 silly shasum updated bytes 65536
85 silly shasum updated bytes 65536
86 silly shasum updated bytes 65536
87 silly shasum updated bytes 65536
88 silly shasum updated bytes 65536
89 silly shasum updated bytes 65536
90 silly shasum updated bytes 65536
91 silly shasum updated bytes 65536
92 silly shasum updated bytes 65536
93 silly shasum updated bytes 65536
94 silly shasum updated bytes 65536
95 silly shasum updated bytes 65536
96 silly shasum updated bytes 65536
97 silly shasum updated bytes 65536
98 silly shasum updated bytes 65536
99 silly shasum updated bytes 65536
100 silly shasum updated bytes 65536
101 silly shasum updated bytes 65536
102 silly shasum updated bytes 65536
103 silly shasum updated bytes 65536
104 silly shasum updated bytes 65536
105 silly shasum updated bytes 65536
106 silly shasum updated bytes 65536
107 silly shasum updated bytes 65536
108 silly shasum updated bytes 65536
109 silly shasum updated bytes 65536
110 silly shasum updated bytes 65536
111 silly shasum updated bytes 65536
112 silly shasum updated bytes 65536
113 silly shasum updated bytes 65536
114 silly shasum updated bytes 65536
115 silly shasum updated bytes 65536
116 silly shasum updated bytes 65536
117 silly shasum updated bytes 65536
118 silly shasum updated bytes 65536
119 silly shasum updated bytes 57406
120 info shasum f6aa03ee52ac6acbf9d5385e98df00e836263d7d
120 info shasum /home/majkl/tmp/npm-1231/1398694312612-0.6792833153158426/tmp.tgz
121 verbose tar unpack /home/majkl/tmp/npm-1231/1398694312612-0.6792833153158426/tmp.tgz
122 silly lockFile 2728da0d-12612-0-6792833153158426-package /home/majkl/tmp/npm-1231/1398694312612-0.6792833153158426/package
123 verbose lock /home/majkl/tmp/npm-1231/1398694312612-0.6792833153158426/package /home/majkl/.npm/2728da0d-12612-0-6792833153158426-package.lock
124 silly lockFile e80958ae-12612-0-6792833153158426-tmp-tgz /home/majkl/tmp/npm-1231/1398694312612-0.6792833153158426/tmp.tgz
125 verbose lock /home/majkl/tmp/npm-1231/1398694312612-0.6792833153158426/tmp.tgz /home/majkl/.npm/e80958ae-12612-0-6792833153158426-tmp-tgz.lock
126 silly gunzTarPerm modes [ '755', '644' ]
127 silly gunzTarPerm extractEntry package.json
128 silly gunzTarPerm extractEntry .npmignore
129 silly gunzTarPerm extractEntry README.md
130 silly gunzTarPerm extractEntry Dockerfile
131 silly gunzTarPerm extractEntry .package.json.un~
132 silly gunzTarPerm extractEntry .README.md.un~
133 silly gunzTarPerm extractEntry .temp.coffee.un~
134 silly gunzTarPerm extractEntry .temp.js.un~
135 silly gunzTarPerm extractEntry .travis.yml
136 silly gunzTarPerm extractEntry binding.gyp
137 silly gunzTarPerm extractEntry data/haarcascade_mcs_eyepair_big.xml
138 silly gunzTarPerm extractEntry data/haarcascade_eye.xml
139 silly gunzTarPerm extractEntry data/haarcascade_frontalface_alt.xml
140 silly gunzTarPerm extractEntry data/haarcascade_frontalface_alt2.xml
141 silly gunzTarPerm extractEntry data/haarcascade_frontalface_alt_tree.xml
142 silly gunzTarPerm extractEntry data/haarcascade_frontalface_default.xml
143 silly gunzTarPerm extractEntry data/haarcascade_fullbody.xml
144 silly gunzTarPerm extractEntry data/haarcascade_lefteye_2splits.xml
145 silly gunzTarPerm extractEntry data/haarcascade_lowerbody.xml
146 silly gunzTarPerm extractEntry data/haarcascade_eye_tree_eyeglasses.xml
147 silly gunzTarPerm extractEntry data/haarcascade_mcs_eyepair_small.xml
148 silly gunzTarPerm extractEntry data/haarcascade_mcs_lefteye.xml
149 silly gunzTarPerm extractEntry data/haarcascade_mcs_mouth.xml
150 silly gunzTarPerm extractEntry data/haarcascade_mcs_nose.xml
151 silly gunzTarPerm extractEntry data/haarcascade_mcs_righteye.xml
152 silly gunzTarPerm extractEntry data/haarcascade_mcs_upperbody.xml
153 silly gunzTarPerm extractEntry data/haarcascade_profileface.xml
154 silly gunzTarPerm extractEntry data/haarcascade_righteye_2splits.xml
155 silly gunzTarPerm extractEntry data/haarcascade_upperbody.xml
156 silly gunzTarPerm extractEntry ..travis.yml.un~
157 silly gunzTarPerm extractEntry examples/take-face-pics.js
158 silly gunzTarPerm extractEntry examples/quad-crosses.js
159 silly gunzTarPerm extractEntry examples/addweighted.js
160 silly gunzTarPerm extractEntry examples/camera.js
161 silly gunzTarPerm extractEntry examples/motion-track.js
162 silly gunzTarPerm extractEntry examples/salt.js
163 silly gunzTarPerm extractEntry examples/color_filter.js
164 silly gunzTarPerm extractEntry examples/contours.js
165 silly gunzTarPerm extractEntry examples/convert_image.js
166 silly gunzTarPerm extractEntry examples/detect-shapes.js
167 silly gunzTarPerm extractEntry examples/face-proxy.js
168 silly gunzTarPerm extractEntry examples/face_detection.js
169 silly gunzTarPerm extractEntry examples/Face.js
170 silly gunzTarPerm extractEntry examples/over_text.png
171 silly gunzTarPerm extractEntry examples/.make-example-files.sh.un~
172 silly gunzTarPerm extractEntry examples/make-example-files.sh
173 silly gunzTarPerm extractEntry examples/mona.png
174 silly gunzTarPerm extractEntry examples/coin1.jpg
175 silly gunzTarPerm extractEntry examples/motion.mov
176 silly gunzTarPerm extractEntry examples/coin2.jpg
177 silly gunzTarPerm extractEntry examples/.take-face-pics.js.un~
178 silly gunzTarPerm extractEntry examples/quads.jpg
179 silly gunzTarPerm extractEntry examples/.motion-track.js.un~
180 silly gunzTarPerm extractEntry examples/shapes.jpg
181 silly gunzTarPerm extractEntry examples/stuff.png
182 silly gunzTarPerm extractEntry examples/.camera.js.un~
183 silly gunzTarPerm extractEntry index.html
184 silly gunzTarPerm extractEntry lib/bindings.js
185 silly gunzTarPerm extractEntry lib/opencv.js
186 silly gunzTarPerm extractEntry lib/.opencv.js.un~
187 silly gunzTarPerm extractEntry MIT-LICENSE.txt
188 silly gunzTarPerm extractEntry out.png
189 silly gunzTarPerm extractEntry .binding.gyp.un~
190 silly gunzTarPerm extractEntry ..gitignore.un~
191 silly gunzTarPerm extractEntry smoke/smoketest.js
192 silly gunzTarPerm extractEntry smoke/.smoke.sh.un~
193 silly gunzTarPerm extractEntry smoke/.smoketest.js.un~
194 silly gunzTarPerm extractEntry smoke/smoke.sh
195 silly gunzTarPerm extractEntry src/CascadeClassifierWrap.cc
196 silly gunzTarPerm extractEntry src/.CamShift.cc.un~
197 silly gunzTarPerm extractEntry src/.CascadeClassifierWrap.cc.un~
198 silly gunzTarPerm extractEntry src/.CascadeClassifierWrap.h.un~
199 silly gunzTarPerm extractEntry src/.FaceRecognizer.cc.un~
200 silly gunzTarPerm extractEntry src/.FaceRecognizer.h.un~
201 silly gunzTarPerm extractEntry src/.HighGUI.cc.un~
202 silly gunzTarPerm extractEntry src/.HighGUI.h.un~
203 silly gunzTarPerm extractEntry src/.init.cc.un~
204 silly gunzTarPerm extractEntry src/.Matrix.cc.un~
205 silly gunzTarPerm extractEntry src/.Matrix.h.un~
206 silly gunzTarPerm extractEntry src/.OpenCV.h.un~
207 silly gunzTarPerm extractEntry src/.VideoCaptureWrap.cc.un~
208 silly gunzTarPerm extractEntry src/.VideoWriter.cc.un~
209 silly gunzTarPerm extractEntry src/.VideoWriter.h.un~
210 silly gunzTarPerm extractEntry src/CamShift.cc
211 silly gunzTarPerm extractEntry src/CamShift.h
212 silly gunzTarPerm extractEntry src/.CamShift.h.un~
213 silly gunzTarPerm extractEntry src/CascadeClassifierWrap.h
214 silly gunzTarPerm extractEntry src/Contours.cc
215 silly gunzTarPerm extractEntry src/Contours.h
216 silly gunzTarPerm extractEntry src/FaceRecognizer.cc
217 silly gunzTarPerm extractEntry src/FaceRecognizer.h
218 silly gunzTarPerm extractEntry src/HighGUI.cc
219 silly gunzTarPerm extractEntry src/HighGUI.h
220 silly gunzTarPerm extractEntry src/init.cc
221 silly gunzTarPerm extractEntry src/Matrix.cc
222 silly gunzTarPerm extractEntry src/Matrix.h
223 silly gunzTarPerm extractEntry src/OpenCV.cc
224 silly gunzTarPerm extractEntry src/OpenCV.h
225 silly gunzTarPerm extractEntry src/Point.cc
226 silly gunzTarPerm extractEntry src/Point.h
227 silly gunzTarPerm extractEntry src/VideoCaptureWrap.cc
228 silly gunzTarPerm extractEntry src/VideoCaptureWrap.h
229 silly gunzTarPerm extractEntry test/unit.js
230 silly gunzTarPerm extractEntry test/.temp.js.un~
231 silly gunzTarPerm extractEntry test/.unit.js.un~
232 verbose read json /home/majkl/tmp/npm-1231/1398694312612-0.6792833153158426/package/package.json
233 silly lockFile 2728da0d-12612-0-6792833153158426-package /home/majkl/tmp/npm-1231/1398694312612-0.6792833153158426/package
234 silly lockFile 2728da0d-12612-0-6792833153158426-package /home/majkl/tmp/npm-1231/1398694312612-0.6792833153158426/package
235 silly lockFile e80958ae-12612-0-6792833153158426-tmp-tgz /home/majkl/tmp/npm-1231/1398694312612-0.6792833153158426/tmp.tgz
236 silly lockFile e80958ae-12612-0-6792833153158426-tmp-tgz /home/majkl/tmp/npm-1231/1398694312612-0.6792833153158426/tmp.tgz
237 verbose from cache /home/majkl/tmp/npm-1231/1398694312612-0.6792833153158426/package/package.json
238 verbose tar pack [ '/home/majkl/.npm/opencv/0.3.1/package.tgz',
238 verbose tar pack   '/home/majkl/tmp/npm-1231/1398694312612-0.6792833153158426/package' ]
239 verbose tarball /home/majkl/.npm/opencv/0.3.1/package.tgz
240 verbose folder /home/majkl/tmp/npm-1231/1398694312612-0.6792833153158426/package
241 silly lockFile 2728da0d-12612-0-6792833153158426-package /home/majkl/tmp/npm-1231/1398694312612-0.6792833153158426/package
242 verbose lock /home/majkl/tmp/npm-1231/1398694312612-0.6792833153158426/package /home/majkl/.npm/2728da0d-12612-0-6792833153158426-package.lock
243 silly lockFile a792ff59-jkl-npm-opencv-0-3-1-package-tgz /home/majkl/.npm/opencv/0.3.1/package.tgz
244 verbose lock /home/majkl/.npm/opencv/0.3.1/package.tgz /home/majkl/.npm/a792ff59-jkl-npm-opencv-0-3-1-package-tgz.lock
245 silly lockFile 2728da0d-12612-0-6792833153158426-package /home/majkl/tmp/npm-1231/1398694312612-0.6792833153158426/package
246 silly lockFile 2728da0d-12612-0-6792833153158426-package /home/majkl/tmp/npm-1231/1398694312612-0.6792833153158426/package
247 silly lockFile a792ff59-jkl-npm-opencv-0-3-1-package-tgz /home/majkl/.npm/opencv/0.3.1/package.tgz
248 silly lockFile a792ff59-jkl-npm-opencv-0-3-1-package-tgz /home/majkl/.npm/opencv/0.3.1/package.tgz
249 silly lockFile d8692039-e-majkl-npm-opencv-0-3-1-package /home/majkl/.npm/opencv/0.3.1/package
250 verbose lock /home/majkl/.npm/opencv/0.3.1/package /home/majkl/.npm/d8692039-e-majkl-npm-opencv-0-3-1-package.lock
251 silly lockFile d8692039-e-majkl-npm-opencv-0-3-1-package /home/majkl/.npm/opencv/0.3.1/package
252 silly lockFile d8692039-e-majkl-npm-opencv-0-3-1-package /home/majkl/.npm/opencv/0.3.1/package
253 verbose tar unpack /home/majkl/.npm/opencv/0.3.1/package.tgz
254 silly lockFile d8692039-e-majkl-npm-opencv-0-3-1-package /home/majkl/.npm/opencv/0.3.1/package
255 verbose lock /home/majkl/.npm/opencv/0.3.1/package /home/majkl/.npm/d8692039-e-majkl-npm-opencv-0-3-1-package.lock
256 silly lockFile a792ff59-jkl-npm-opencv-0-3-1-package-tgz /home/majkl/.npm/opencv/0.3.1/package.tgz
257 verbose lock /home/majkl/.npm/opencv/0.3.1/package.tgz /home/majkl/.npm/a792ff59-jkl-npm-opencv-0-3-1-package-tgz.lock
258 silly gunzTarPerm modes [ '755', '644' ]
259 silly gunzTarPerm extractEntry package.json
260 silly gunzTarPerm extractEntry .npmignore
261 silly gunzTarPerm extractEntry README.md
262 silly gunzTarPerm extractEntry .binding.gyp.un~
263 silly gunzTarPerm extractEntry ..gitignore.un~
264 silly gunzTarPerm extractEntry .package.json.un~
265 silly gunzTarPerm extractEntry .temp.coffee.un~
266 silly gunzTarPerm extractEntry .temp.js.un~
267 silly gunzTarPerm extractEntry .travis.yml
268 silly gunzTarPerm extractEntry Dockerfile
269 silly gunzTarPerm extractEntry MIT-LICENSE.txt
270 silly gunzTarPerm extractEntry ..travis.yml.un~
271 silly gunzTarPerm extractEntry binding.gyp
272 silly gunzTarPerm extractEntry data/haarcascade_mcs_eyepair_big.xml
273 silly gunzTarPerm extractEntry data/haarcascade_eye.xml
274 silly gunzTarPerm extractEntry data/haarcascade_frontalface_alt.xml
275 silly gunzTarPerm extractEntry data/haarcascade_frontalface_alt2.xml
276 silly gunzTarPerm extractEntry data/haarcascade_frontalface_alt_tree.xml
277 silly gunzTarPerm extractEntry data/haarcascade_frontalface_default.xml
278 silly gunzTarPerm extractEntry data/haarcascade_fullbody.xml
279 silly gunzTarPerm extractEntry data/haarcascade_lefteye_2splits.xml
280 silly gunzTarPerm extractEntry data/haarcascade_lowerbody.xml
281 silly gunzTarPerm extractEntry data/haarcascade_eye_tree_eyeglasses.xml
282 silly gunzTarPerm extractEntry data/haarcascade_mcs_eyepair_small.xml
283 silly gunzTarPerm extractEntry data/haarcascade_mcs_lefteye.xml
284 silly gunzTarPerm extractEntry data/haarcascade_mcs_mouth.xml
285 silly gunzTarPerm extractEntry data/haarcascade_mcs_nose.xml
286 silly gunzTarPerm extractEntry data/haarcascade_mcs_righteye.xml
287 silly gunzTarPerm extractEntry data/haarcascade_mcs_upperbody.xml
288 silly gunzTarPerm extractEntry data/haarcascade_profileface.xml
289 silly gunzTarPerm extractEntry data/haarcascade_righteye_2splits.xml
290 silly gunzTarPerm extractEntry data/haarcascade_upperbody.xml
291 silly gunzTarPerm extractEntry examples/take-face-pics.js
292 silly gunzTarPerm extractEntry examples/quad-crosses.js
293 silly gunzTarPerm extractEntry examples/Face.js
294 silly gunzTarPerm extractEntry examples/addweighted.js
295 silly gunzTarPerm extractEntry examples/camera.js
296 silly gunzTarPerm extractEntry examples/salt.js
297 silly gunzTarPerm extractEntry examples/face_detection.js
298 silly gunzTarPerm extractEntry examples/color_filter.js
299 silly gunzTarPerm extractEntry examples/contours.js
300 silly gunzTarPerm extractEntry examples/convert_image.js
301 silly gunzTarPerm extractEntry examples/detect-shapes.js
302 silly gunzTarPerm extractEntry examples/motion-track.js
303 silly gunzTarPerm extractEntry examples/face-proxy.js
304 silly gunzTarPerm extractEntry examples/over_text.png
305 silly gunzTarPerm extractEntry examples/.make-example-files.sh.un~
306 silly gunzTarPerm extractEntry examples/make-example-files.sh
307 silly gunzTarPerm extractEntry examples/mona.png
308 silly gunzTarPerm extractEntry examples/coin1.jpg
309 silly gunzTarPerm extractEntry examples/motion.mov
310 silly gunzTarPerm extractEntry examples/coin2.jpg
311 silly gunzTarPerm extractEntry examples/.take-face-pics.js.un~
312 silly gunzTarPerm extractEntry examples/quads.jpg
313 silly gunzTarPerm extractEntry examples/.motion-track.js.un~
314 silly gunzTarPerm extractEntry examples/shapes.jpg
315 silly gunzTarPerm extractEntry examples/stuff.png
316 silly gunzTarPerm extractEntry examples/.camera.js.un~
317 silly gunzTarPerm extractEntry index.html
318 silly gunzTarPerm extractEntry lib/bindings.js
319 silly gunzTarPerm extractEntry lib/opencv.js
320 silly gunzTarPerm extractEntry lib/.opencv.js.un~
321 silly gunzTarPerm extractEntry out.png
322 silly gunzTarPerm extractEntry .README.md.un~
323 silly gunzTarPerm extractEntry smoke/smoketest.js
324 silly gunzTarPerm extractEntry smoke/.smoke.sh.un~
325 silly gunzTarPerm extractEntry smoke/.smoketest.js.un~
326 silly gunzTarPerm extractEntry smoke/smoke.sh
327 silly gunzTarPerm extractEntry src/CascadeClassifierWrap.cc
328 silly gunzTarPerm extractEntry src/.CamShift.cc.un~
329 silly gunzTarPerm extractEntry src/.CascadeClassifierWrap.cc.un~
330 silly gunzTarPerm extractEntry src/.CascadeClassifierWrap.h.un~
331 silly gunzTarPerm extractEntry src/.FaceRecognizer.cc.un~
332 silly gunzTarPerm extractEntry src/.FaceRecognizer.h.un~
333 silly gunzTarPerm extractEntry src/.HighGUI.cc.un~
334 silly gunzTarPerm extractEntry src/.HighGUI.h.un~
335 silly gunzTarPerm extractEntry src/.Matrix.cc.un~
336 silly gunzTarPerm extractEntry src/.Matrix.h.un~
337 silly gunzTarPerm extractEntry src/.OpenCV.h.un~
338 silly gunzTarPerm extractEntry src/.VideoCaptureWrap.cc.un~
339 silly gunzTarPerm extractEntry src/.VideoWriter.cc.un~
340 silly gunzTarPerm extractEntry src/.VideoWriter.h.un~
341 silly gunzTarPerm extractEntry src/.init.cc.un~
342 silly gunzTarPerm extractEntry src/CamShift.cc
343 silly gunzTarPerm extractEntry src/CamShift.h
344 silly gunzTarPerm extractEntry src/.CamShift.h.un~
345 silly gunzTarPerm extractEntry src/CascadeClassifierWrap.h
346 silly gunzTarPerm extractEntry src/Contours.cc
347 silly gunzTarPerm extractEntry src/Contours.h
348 silly gunzTarPerm extractEntry src/FaceRecognizer.cc
349 silly gunzTarPerm extractEntry src/FaceRecognizer.h
350 silly gunzTarPerm extractEntry src/HighGUI.cc
351 silly gunzTarPerm extractEntry src/HighGUI.h
352 silly gunzTarPerm extractEntry src/Matrix.cc
353 silly gunzTarPerm extractEntry src/Matrix.h
354 silly gunzTarPerm extractEntry src/OpenCV.cc
355 silly gunzTarPerm extractEntry src/OpenCV.h
356 silly gunzTarPerm extractEntry src/Point.cc
357 silly gunzTarPerm extractEntry src/Point.h
358 silly gunzTarPerm extractEntry src/VideoCaptureWrap.cc
359 silly gunzTarPerm extractEntry src/VideoCaptureWrap.h
360 silly gunzTarPerm extractEntry src/init.cc
361 silly gunzTarPerm extractEntry test/unit.js
362 silly gunzTarPerm extractEntry test/.temp.js.un~
363 silly gunzTarPerm extractEntry test/.unit.js.un~
364 verbose read json /home/majkl/.npm/opencv/0.3.1/package/package.json
365 silly lockFile d8692039-e-majkl-npm-opencv-0-3-1-package /home/majkl/.npm/opencv/0.3.1/package
366 silly lockFile d8692039-e-majkl-npm-opencv-0-3-1-package /home/majkl/.npm/opencv/0.3.1/package
367 silly lockFile a792ff59-jkl-npm-opencv-0-3-1-package-tgz /home/majkl/.npm/opencv/0.3.1/package.tgz
368 silly lockFile a792ff59-jkl-npm-opencv-0-3-1-package-tgz /home/majkl/.npm/opencv/0.3.1/package.tgz
369 silly shasum updated bytes 65536
370 silly shasum updated bytes 65536
371 silly shasum updated bytes 65536
372 silly shasum updated bytes 65536
373 silly shasum updated bytes 65536
374 silly shasum updated bytes 65536
375 silly shasum updated bytes 65536
376 silly shasum updated bytes 65536
377 silly shasum updated bytes 65536
378 silly shasum updated bytes 65536
379 silly shasum updated bytes 65536
380 silly shasum updated bytes 65536
381 silly shasum updated bytes 65536
382 silly shasum updated bytes 65536
383 silly shasum updated bytes 65536
384 silly shasum updated bytes 65536
385 silly shasum updated bytes 65536
386 silly shasum updated bytes 65536
387 silly shasum updated bytes 65536
388 silly shasum updated bytes 65536
389 silly shasum updated bytes 65536
390 silly shasum updated bytes 65536
391 silly shasum updated bytes 65536
392 silly shasum updated bytes 65536
393 silly shasum updated bytes 65536
394 silly shasum updated bytes 65536
395 silly shasum updated bytes 65536
396 silly shasum updated bytes 65536
397 silly shasum updated bytes 65536
398 silly shasum updated bytes 65536
399 silly shasum updated bytes 65536
400 silly shasum updated bytes 65536
401 silly shasum updated bytes 65536
402 silly shasum updated bytes 65536
403 silly shasum updated bytes 65536
404 silly shasum updated bytes 65536
405 silly shasum updated bytes 65536
406 silly shasum updated bytes 65536
407 silly shasum updated bytes 65536
408 silly shasum updated bytes 65536
409 silly shasum updated bytes 65536
410 silly shasum updated bytes 65536
411 silly shasum updated bytes 65536
412 silly shasum updated bytes 65536
413 silly shasum updated bytes 65536
414 silly shasum updated bytes 65536
415 silly shasum updated bytes 65536
416 silly shasum updated bytes 65536
417 silly shasum updated bytes 65536
418 silly shasum updated bytes 65536
419 silly shasum updated bytes 65536
420 silly shasum updated bytes 65536
421 silly shasum updated bytes 65536
422 silly shasum updated bytes 65536
423 silly shasum updated bytes 65536
424 silly shasum updated bytes 65536
425 silly shasum updated bytes 65536
426 silly shasum updated bytes 65536
427 silly shasum updated bytes 65536
428 silly shasum updated bytes 65536
429 silly shasum updated bytes 65536
430 silly shasum updated bytes 65536
431 silly shasum updated bytes 65536
432 silly shasum updated bytes 65536
433 silly shasum updated bytes 56808
434 info shasum 8d39b87c1577c40df45aed1f3bf1b12ca787448e
434 info shasum /home/majkl/.npm/opencv/0.3.1/package.tgz
435 verbose from cache /home/majkl/.npm/opencv/0.3.1/package/package.json
436 verbose chmod /home/majkl/.npm/opencv/0.3.1/package.tgz 644
437 verbose chown /home/majkl/.npm/opencv/0.3.1/package.tgz [ 0, 0 ]
438 silly lockFile 407afc88-pmjs-org-opencv-opencv-0-3-1-tgz https://registry.npmjs.org/opencv/-/opencv-0.3.1.tgz
439 silly lockFile 407afc88-pmjs-org-opencv-opencv-0-3-1-tgz https://registry.npmjs.org/opencv/-/opencv-0.3.1.tgz
440 silly lockFile 6733d4c1-opencv-0-3-1 opencv@0.3.1
441 silly lockFile 6733d4c1-opencv-0-3-1 opencv@0.3.1
442 silly lockFile 2422dc29-opencv-0-3-1 opencv@~0.3.1
443 silly lockFile 2422dc29-opencv-0-3-1 opencv@~0.3.1
444 silly resolved [ { name: 'opencv',
444 silly resolved     description: 'Node Bindings to OpenCV',
444 silly resolved     author: { name: 'Peter Braden', email: 'peterbraden@peterbraden.co.uk' },
444 silly resolved     dependencies: { buffers: '0.1.1' },
444 silly resolved     version: '0.3.1',
444 silly resolved     devDependencies: { vows: '*' },
444 silly resolved     engine: 'node >= 0.4.1',
444 silly resolved     scripts:
444 silly resolved      { preinstall: 'node-gyp clean rebuild',
444 silly resolved        test: 'vows test/unit.js' },
444 silly resolved     keywords: [ 'opencv', 'computer', 'vision', 'quadrocopter' ],
444 silly resolved     main: './lib/opencv',
444 silly resolved     readme: '# node-opencv \n\n[![Build Status](https://secure.travis-ci.org/peterbraden/node-opencv.png)](http://travis-ci.org/peterbraden/node-opencv)\n\n\n[OpenCV](http://opencv.willowgarage.com/wiki/) bindings for Node.js. OpenCV is the defacto computer vision library - by interfacing with it natively in node, we get powerful real time vision in js.\n\nPeople are using node-opencv to fly control quadrocoptors, detect faces from webcam images and annotate video streams. If you\'re using it for something cool, I\'d love to hear about it!\n\n## Install\n\nYou\'ll need OpenCV 2.3.1 installed.\n\nThen:\n\n```bash\n$ npm install opencv\n```\n\nOr to build the repo:\n\n```bash\n$ node-gyp rebuild\n```\n\n## Examples\n\n### Face Detection\n\n```javascript\ncv.readImage("./examples/test.jpg", function(err, im){\n  im.detectObject(cv.FACE_CASCADE, {}, function(err, faces){\n    for (var i=0;i<faces.length; i++){\n      var x = faces[i]\n      im.ellipse(x.x + x.width/2, x.y + x.height/2, x.width/2, x.height/2);\n    }\n    im.save(\'./out.jpg\');\n  });\n})\n```\n\n\n## API Documentation\n\n### Matrix\n\nThe [matrix](http://opencv.jp/opencv-2svn_org/cpp/core_basic_structures.html#mat) is the most useful\nbase datastructure in OpenCV. Things like images are just matrices of pixels.\n\n#### Creation\n\n```javascript\nnew Matrix(rows, cols)\n```\n\nOr if you\'re thinking of a Matrix as an image:\n\n```javascript\nnew Matrix(height, width)\n```\n\nOr you can use opencv to read in image files. Supported formats are in the OpenCV docs, but jpgs etc are supported.\n\n```javascript\ncv.readImage(filename, function(mat){\n  ...\n})\n\ncv.readImage(buffer, function(mat){\n  ...\n})\n```\n\nIf you need to pipe data into an image, you can use an ImageDataStream:\n\n```javascript\nvar s = new cv.ImageDataStream()\n\ns.on(\'load\', function(matrix){\n  ...\n})\n\nfs.createReadStream(\'./examples/test.jpg\').pipe(s);\n```\n\nIf however, you have a series of images, and you wish to stream them into a\nstream of Matrices, you can use an ImageStream. Thus:\n\n```javascript\nvar s = new cv.ImageStream()\n\ns.on(\'data\', function(matrix){\n   ...\n})\n\nardrone.createPngStream().pipe(s);\n```\n\nNote: Each \'data\' event into the ImageStream should be a complete image buffer.\n\n\n\n#### Accessing Data\n\n```javascript\nvar mat = new cv.Matrix.Eye(4,4); // Create identity matrix\n\nmat.get(0,0) // 1\n\nmat.row(0)  // [1,0,0,0]\nmat.col(4)  // [0,0,0,1]\n```\n\n##### Save\n\n```javascript\nmat.save(\'./pic.jpg\')\n```\n\nor:\n\n```javascript\nvar buff = mat.toBuffer()\n```\n\n#### Image Processing\n\n```javascript\nim.convertGrayscale()\nim.canny(5, 300)\nim.houghLinesP()\n```\n\n\n#### Simple Drawing\n\n```javascript\nim.ellipse(x, y)\nim.line([x1,y1], [x2, y2])\n```\n\n#### Object Detection\n\nThere is a shortcut method for \n[Viola-Jones Haar Cascade](http://www.cognotics.com/opencv/servo_2007_series/part_2/sidebar.html) object \ndetection. This can be used for face detection etc.\n\n```javascript\nmat.detectObject(haar_cascade_xml, opts, function(err, matches){})\n```\n\nFor convenience in face recognition, cv.FACE_CASCADE is a cascade that can be used for frontal face recognition.\n\nAlso:\n\n```javascript\nmat.goodFeaturesToTrack\n```\n\n#### Contours\n\n```javascript\nmat.findCountours\nmat.drawContour\nmat.drawAllContours\n```\n\n### Using Contours\n\n`findContours` returns a `Contours` collection object, not a native array. This object provides\nfunctions for accessing, computing with, and altering the contours contained in it.\nSee [relevant source code](src/Contours.cc) and [examples](examples/)\n\n```javascript\nvar contours = im.findContours;\n\n# Count of contours in the Contours object\ncontours.size();\n\n# Count of corners(verticies) of contour `index`\ncontours.cornerCount(index);\n\n# Access vertex data of contours\nfor(var c = 0; c < contours.size(); ++c) {\n  console.log("Contour " + c);\n  for(var i = 0; i < contours.cornerCount(c); ++i) {\n    var point = contours.point(c, i);\n    console.log("(" + point.x + "," + point.y + ")");"\n  }\n}\n\n# Computations of contour `index`\ncontours.area(index);\ncontours.arcLength(index, isClosed);\ncontours.boundingRect(index);\ncontours.minAreaRect(index);\ncontours.isConvex(index);\n\n# Destructively alter contour `index`\ncontours.approxPolyDP(index, epsilon, isClosed);\ncontours.convexHull(index, clockwise);\n```\n\n## MIT License\nThe library is distributed under the MIT License - if for some reason that \ndoesn\'t work for you please get in touch.\n\n## Changelog\n\n#### 0.0.13\n\n- V Early support for face recognition - API is _likely_ to change. Have fun!\n- *API Change*: VideoCapture.read now calls callback(err, im) instead of callback(im)\n\n#### 0.0.12\n- Matrix clone()\n- NamedWindow Support\n\n#### 0.0.11\n\n- Bug Fixes\n- ImageStream becomes ImageDataStream, and new ImageStream allows multiple images to be\nstreamed as matrices, for example, with an object detection stream.\n- @ryansouza improved documentation\n- Correcting matrix constructor (thanks @gluxon)\n- @Michael Smith expanded Contours functionality.\n\nThanks all!\n\n#### 0.0.10\n\n- Bug Fixes\n- @Contra added code that allows thickness and color args for ellipse\n- Camshift Support\n- @jtlebi added bindings for erode, gaussianBlur, arcLength, approxPolyDP, isConvex, cornerCount\n- @gluxon added bindings for inRange\n\nThanks everyone!\n\n#### 0.0.9\n\n- toBuffer can now take a callback and be run async (re #21)\n',
444 silly resolved     readmeFilename: 'README.md',
444 silly resolved     _id: 'opencv@0.3.1',
444 silly resolved     dist: { shasum: '8d39b87c1577c40df45aed1f3bf1b12ca787448e' },
444 silly resolved     _from: 'opencv@~0.3.1',
444 silly resolved     _resolved: 'https://registry.npmjs.org/opencv/-/opencv-0.3.1.tgz' } ]
445 info install opencv@0.3.1 into /home/majkl/arenomat
446 info installOne opencv@0.3.1
447 error git Appears to be a git repo or submodule.
447 error git     /home/majkl/arenomat/node_modules/opencv
447 error git Refusing to remove it. Update manually,
447 error git or move it out of the way first.
448 error System Linux 3.11.0-19-generic
449 error command "/usr/bin/nodejs" "/usr/bin/npm" "install"
450 error cwd /home/majkl/arenomat
451 error node -v v0.10.15
452 error npm -v 1.2.18
453 error path /home/majkl/arenomat/node_modules/opencv
454 error code EISGIT
455 verbose exit [ 1, true ]
